<?xml version="1.0" encoding="UTF-8"?>
<testsuite xmlns:xsi="http://www.w3.org/2001/XMLSchema-instance" xsi:noNamespaceSchemaLocation="https://maven.apache.org/surefire/maven-surefire-plugin/xsd/surefire-test-report.xsd" name="com.wdjr.springboot.SpringBootConfig02ApplicationTests" time="6.418" tests="1" errors="0" skipped="0" failures="0">
  <properties>
    <property name="sun.desktop" value="windows"/>
    <property name="awt.toolkit" value="sun.awt.windows.WToolkit"/>
    <property name="file.encoding.pkg" value="sun.io"/>
    <property name="java.specification.version" value="1.8"/>
    <property name="sun.cpu.isalist" value="amd64"/>
    <property name="sun.jnu.encoding" value="GBK"/>
    <property name="java.class.path" value="E:\work\spring-boot-config-02\target\test-classes;E:\work\spring-boot-config-02\target\classes;E:\Develop\Maven_Repo\org\springframework\boot\spring-boot-starter-web\2.0.1.RELEASE\spring-boot-starter-web-2.0.1.RELEASE.jar;E:\Develop\Maven_Repo\org\springframework\boot\spring-boot-starter\2.0.1.RELEASE\spring-boot-starter-2.0.1.RELEASE.jar;E:\Develop\Maven_Repo\org\springframework\boot\spring-boot\2.0.1.RELEASE\spring-boot-2.0.1.RELEASE.jar;E:\Develop\Maven_Repo\org\springframework\boot\spring-boot-autoconfigure\2.0.1.RELEASE\spring-boot-autoconfigure-2.0.1.RELEASE.jar;E:\Develop\Maven_Repo\org\springframework\boot\spring-boot-starter-logging\2.0.1.RELEASE\spring-boot-starter-logging-2.0.1.RELEASE.jar;E:\Develop\Maven_Repo\ch\qos\logback\logback-classic\1.2.3\logback-classic-1.2.3.jar;E:\Develop\Maven_Repo\ch\qos\logback\logback-core\1.2.3\logback-core-1.2.3.jar;E:\Develop\Maven_Repo\org\apache\logging\log4j\log4j-to-slf4j\2.10.0\log4j-to-slf4j-2.10.0.jar;E:\Develop\Maven_Repo\org\apache\logging\log4j\log4j-api\2.10.0\log4j-api-2.10.0.jar;E:\Develop\Maven_Repo\org\slf4j\jul-to-slf4j\1.7.25\jul-to-slf4j-1.7.25.jar;E:\Develop\Maven_Repo\javax\annotation\javax.annotation-api\1.3.2\javax.annotation-api-1.3.2.jar;E:\Develop\Maven_Repo\org\yaml\snakeyaml\1.19\snakeyaml-1.19.jar;E:\Develop\Maven_Repo\org\springframework\boot\spring-boot-starter-json\2.0.1.RELEASE\spring-boot-starter-json-2.0.1.RELEASE.jar;E:\Develop\Maven_Repo\com\fasterxml\jackson\core\jackson-databind\2.9.5\jackson-databind-2.9.5.jar;E:\Develop\Maven_Repo\com\fasterxml\jackson\core\jackson-annotations\2.9.0\jackson-annotations-2.9.0.jar;E:\Develop\Maven_Repo\com\fasterxml\jackson\core\jackson-core\2.9.5\jackson-core-2.9.5.jar;E:\Develop\Maven_Repo\com\fasterxml\jackson\datatype\jackson-datatype-jdk8\2.9.5\jackson-datatype-jdk8-2.9.5.jar;E:\Develop\Maven_Repo\com\fasterxml\jackson\datatype\jackson-datatype-jsr310\2.9.5\jackson-datatype-jsr310-2.9.5.jar;E:\Develop\Maven_Repo\com\fasterxml\jackson\module\jackson-module-parameter-names\2.9.5\jackson-module-parameter-names-2.9.5.jar;E:\Develop\Maven_Repo\org\springframework\boot\spring-boot-starter-tomcat\2.0.1.RELEASE\spring-boot-starter-tomcat-2.0.1.RELEASE.jar;E:\Develop\Maven_Repo\org\apache\tomcat\embed\tomcat-embed-core\8.5.29\tomcat-embed-core-8.5.29.jar;E:\Develop\Maven_Repo\org\apache\tomcat\embed\tomcat-embed-el\8.5.29\tomcat-embed-el-8.5.29.jar;E:\Develop\Maven_Repo\org\apache\tomcat\embed\tomcat-embed-websocket\8.5.29\tomcat-embed-websocket-8.5.29.jar;E:\Develop\Maven_Repo\org\hibernate\validator\hibernate-validator\6.0.9.Final\hibernate-validator-6.0.9.Final.jar;E:\Develop\Maven_Repo\javax\validation\validation-api\2.0.1.Final\validation-api-2.0.1.Final.jar;E:\Develop\Maven_Repo\org\jboss\logging\jboss-logging\3.3.2.Final\jboss-logging-3.3.2.Final.jar;E:\Develop\Maven_Repo\com\fasterxml\classmate\1.3.4\classmate-1.3.4.jar;E:\Develop\Maven_Repo\org\springframework\spring-web\5.0.5.RELEASE\spring-web-5.0.5.RELEASE.jar;E:\Develop\Maven_Repo\org\springframework\spring-beans\5.0.5.RELEASE\spring-beans-5.0.5.RELEASE.jar;E:\Develop\Maven_Repo\org\springframework\spring-webmvc\5.0.5.RELEASE\spring-webmvc-5.0.5.RELEASE.jar;E:\Develop\Maven_Repo\org\springframework\spring-aop\5.0.5.RELEASE\spring-aop-5.0.5.RELEASE.jar;E:\Develop\Maven_Repo\org\springframework\spring-context\5.0.5.RELEASE\spring-context-5.0.5.RELEASE.jar;E:\Develop\Maven_Repo\org\springframework\spring-expression\5.0.5.RELEASE\spring-expression-5.0.5.RELEASE.jar;E:\Develop\Maven_Repo\org\springframework\boot\spring-boot-starter-test\2.0.1.RELEASE\spring-boot-starter-test-2.0.1.RELEASE.jar;E:\Develop\Maven_Repo\org\springframework\boot\spring-boot-test\2.0.1.RELEASE\spring-boot-test-2.0.1.RELEASE.jar;E:\Develop\Maven_Repo\org\springframework\boot\spring-boot-test-autoconfigure\2.0.1.RELEASE\spring-boot-test-autoconfigure-2.0.1.RELEASE.jar;E:\Develop\Maven_Repo\com\jayway\jsonpath\json-path\2.4.0\json-path-2.4.0.jar;E:\Develop\Maven_Repo\net\minidev\json-smart\2.3\json-smart-2.3.jar;E:\Develop\Maven_Repo\net\minidev\accessors-smart\1.2\accessors-smart-1.2.jar;E:\Develop\Maven_Repo\org\ow2\asm\asm\5.0.4\asm-5.0.4.jar;E:\Develop\Maven_Repo\org\slf4j\slf4j-api\1.7.25\slf4j-api-1.7.25.jar;E:\Develop\Maven_Repo\junit\junit\4.12\junit-4.12.jar;E:\Develop\Maven_Repo\org\assertj\assertj-core\3.9.1\assertj-core-3.9.1.jar;E:\Develop\Maven_Repo\org\mockito\mockito-core\2.15.0\mockito-core-2.15.0.jar;E:\Develop\Maven_Repo\net\bytebuddy\byte-buddy\1.7.11\byte-buddy-1.7.11.jar;E:\Develop\Maven_Repo\net\bytebuddy\byte-buddy-agent\1.7.11\byte-buddy-agent-1.7.11.jar;E:\Develop\Maven_Repo\org\objenesis\objenesis\2.6\objenesis-2.6.jar;E:\Develop\Maven_Repo\org\hamcrest\hamcrest-core\1.3\hamcrest-core-1.3.jar;E:\Develop\Maven_Repo\org\hamcrest\hamcrest-library\1.3\hamcrest-library-1.3.jar;E:\Develop\Maven_Repo\org\skyscreamer\jsonassert\1.5.0\jsonassert-1.5.0.jar;E:\Develop\Maven_Repo\com\vaadin\external\google\android-json\0.0.20131108.vaadin1\android-json-0.0.20131108.vaadin1.jar;E:\Develop\Maven_Repo\org\springframework\spring-core\5.0.5.RELEASE\spring-core-5.0.5.RELEASE.jar;E:\Develop\Maven_Repo\org\springframework\spring-jcl\5.0.5.RELEASE\spring-jcl-5.0.5.RELEASE.jar;E:\Develop\Maven_Repo\org\springframework\spring-test\5.0.5.RELEASE\spring-test-5.0.5.RELEASE.jar;E:\Develop\Maven_Repo\org\xmlunit\xmlunit-core\2.5.1\xmlunit-core-2.5.1.jar;"/>
    <property name="java.vm.vendor" value="Oracle Corporation"/>
    <property name="sun.arch.data.model" value="64"/>
    <property name="user.variant" value=""/>
    <property name="java.vendor.url" value="http://java.oracle.com/"/>
    <property name="user.timezone" value=""/>
    <property name="java.vm.specification.version" value="1.8"/>
    <property name="os.name" value="Windows 10"/>
    <property name="user.country" value="CN"/>
    <property name="sun.java.launcher" value="SUN_STANDARD"/>
    <property name="sun.boot.library.path" value="C:\Program Files\Java\jdk1.8.0_144\jre\bin"/>
    <property name="sun.java.command" value="C:\Users\15272\AppData\Local\Temp\surefire2839502204966299261\surefirebooter6797783655832671221.jar C:\Users\15272\AppData\Local\Temp\surefire2839502204966299261 2018-05-04T15-08-18_605-jvmRun1 surefire131872880059764980tmp surefire_03073130828212636829tmp"/>
    <property name="surefire.test.class.path" value="E:\work\spring-boot-config-02\target\test-classes;E:\work\spring-boot-config-02\target\classes;E:\Develop\Maven_Repo\org\springframework\boot\spring-boot-starter-web\2.0.1.RELEASE\spring-boot-starter-web-2.0.1.RELEASE.jar;E:\Develop\Maven_Repo\org\springframework\boot\spring-boot-starter\2.0.1.RELEASE\spring-boot-starter-2.0.1.RELEASE.jar;E:\Develop\Maven_Repo\org\springframework\boot\spring-boot\2.0.1.RELEASE\spring-boot-2.0.1.RELEASE.jar;E:\Develop\Maven_Repo\org\springframework\boot\spring-boot-autoconfigure\2.0.1.RELEASE\spring-boot-autoconfigure-2.0.1.RELEASE.jar;E:\Develop\Maven_Repo\org\springframework\boot\spring-boot-starter-logging\2.0.1.RELEASE\spring-boot-starter-logging-2.0.1.RELEASE.jar;E:\Develop\Maven_Repo\ch\qos\logback\logback-classic\1.2.3\logback-classic-1.2.3.jar;E:\Develop\Maven_Repo\ch\qos\logback\logback-core\1.2.3\logback-core-1.2.3.jar;E:\Develop\Maven_Repo\org\apache\logging\log4j\log4j-to-slf4j\2.10.0\log4j-to-slf4j-2.10.0.jar;E:\Develop\Maven_Repo\org\apache\logging\log4j\log4j-api\2.10.0\log4j-api-2.10.0.jar;E:\Develop\Maven_Repo\org\slf4j\jul-to-slf4j\1.7.25\jul-to-slf4j-1.7.25.jar;E:\Develop\Maven_Repo\javax\annotation\javax.annotation-api\1.3.2\javax.annotation-api-1.3.2.jar;E:\Develop\Maven_Repo\org\yaml\snakeyaml\1.19\snakeyaml-1.19.jar;E:\Develop\Maven_Repo\org\springframework\boot\spring-boot-starter-json\2.0.1.RELEASE\spring-boot-starter-json-2.0.1.RELEASE.jar;E:\Develop\Maven_Repo\com\fasterxml\jackson\core\jackson-databind\2.9.5\jackson-databind-2.9.5.jar;E:\Develop\Maven_Repo\com\fasterxml\jackson\core\jackson-annotations\2.9.0\jackson-annotations-2.9.0.jar;E:\Develop\Maven_Repo\com\fasterxml\jackson\core\jackson-core\2.9.5\jackson-core-2.9.5.jar;E:\Develop\Maven_Repo\com\fasterxml\jackson\datatype\jackson-datatype-jdk8\2.9.5\jackson-datatype-jdk8-2.9.5.jar;E:\Develop\Maven_Repo\com\fasterxml\jackson\datatype\jackson-datatype-jsr310\2.9.5\jackson-datatype-jsr310-2.9.5.jar;E:\Develop\Maven_Repo\com\fasterxml\jackson\module\jackson-module-parameter-names\2.9.5\jackson-module-parameter-names-2.9.5.jar;E:\Develop\Maven_Repo\org\springframework\boot\spring-boot-starter-tomcat\2.0.1.RELEASE\spring-boot-starter-tomcat-2.0.1.RELEASE.jar;E:\Develop\Maven_Repo\org\apache\tomcat\embed\tomcat-embed-core\8.5.29\tomcat-embed-core-8.5.29.jar;E:\Develop\Maven_Repo\org\apache\tomcat\embed\tomcat-embed-el\8.5.29\tomcat-embed-el-8.5.29.jar;E:\Develop\Maven_Repo\org\apache\tomcat\embed\tomcat-embed-websocket\8.5.29\tomcat-embed-websocket-8.5.29.jar;E:\Develop\Maven_Repo\org\hibernate\validator\hibernate-validator\6.0.9.Final\hibernate-validator-6.0.9.Final.jar;E:\Develop\Maven_Repo\javax\validation\validation-api\2.0.1.Final\validation-api-2.0.1.Final.jar;E:\Develop\Maven_Repo\org\jboss\logging\jboss-logging\3.3.2.Final\jboss-logging-3.3.2.Final.jar;E:\Develop\Maven_Repo\com\fasterxml\classmate\1.3.4\classmate-1.3.4.jar;E:\Develop\Maven_Repo\org\springframework\spring-web\5.0.5.RELEASE\spring-web-5.0.5.RELEASE.jar;E:\Develop\Maven_Repo\org\springframework\spring-beans\5.0.5.RELEASE\spring-beans-5.0.5.RELEASE.jar;E:\Develop\Maven_Repo\org\springframework\spring-webmvc\5.0.5.RELEASE\spring-webmvc-5.0.5.RELEASE.jar;E:\Develop\Maven_Repo\org\springframework\spring-aop\5.0.5.RELEASE\spring-aop-5.0.5.RELEASE.jar;E:\Develop\Maven_Repo\org\springframework\spring-context\5.0.5.RELEASE\spring-context-5.0.5.RELEASE.jar;E:\Develop\Maven_Repo\org\springframework\spring-expression\5.0.5.RELEASE\spring-expression-5.0.5.RELEASE.jar;E:\Develop\Maven_Repo\org\springframework\boot\spring-boot-starter-test\2.0.1.RELEASE\spring-boot-starter-test-2.0.1.RELEASE.jar;E:\Develop\Maven_Repo\org\springframework\boot\spring-boot-test\2.0.1.RELEASE\spring-boot-test-2.0.1.RELEASE.jar;E:\Develop\Maven_Repo\org\springframework\boot\spring-boot-test-autoconfigure\2.0.1.RELEASE\spring-boot-test-autoconfigure-2.0.1.RELEASE.jar;E:\Develop\Maven_Repo\com\jayway\jsonpath\json-path\2.4.0\json-path-2.4.0.jar;E:\Develop\Maven_Repo\net\minidev\json-smart\2.3\json-smart-2.3.jar;E:\Develop\Maven_Repo\net\minidev\accessors-smart\1.2\accessors-smart-1.2.jar;E:\Develop\Maven_Repo\org\ow2\asm\asm\5.0.4\asm-5.0.4.jar;E:\Develop\Maven_Repo\org\slf4j\slf4j-api\1.7.25\slf4j-api-1.7.25.jar;E:\Develop\Maven_Repo\junit\junit\4.12\junit-4.12.jar;E:\Develop\Maven_Repo\org\assertj\assertj-core\3.9.1\assertj-core-3.9.1.jar;E:\Develop\Maven_Repo\org\mockito\mockito-core\2.15.0\mockito-core-2.15.0.jar;E:\Develop\Maven_Repo\net\bytebuddy\byte-buddy\1.7.11\byte-buddy-1.7.11.jar;E:\Develop\Maven_Repo\net\bytebuddy\byte-buddy-agent\1.7.11\byte-buddy-agent-1.7.11.jar;E:\Develop\Maven_Repo\org\objenesis\objenesis\2.6\objenesis-2.6.jar;E:\Develop\Maven_Repo\org\hamcrest\hamcrest-core\1.3\hamcrest-core-1.3.jar;E:\Develop\Maven_Repo\org\hamcrest\hamcrest-library\1.3\hamcrest-library-1.3.jar;E:\Develop\Maven_Repo\org\skyscreamer\jsonassert\1.5.0\jsonassert-1.5.0.jar;E:\Develop\Maven_Repo\com\vaadin\external\google\android-json\0.0.20131108.vaadin1\android-json-0.0.20131108.vaadin1.jar;E:\Develop\Maven_Repo\org\springframework\spring-core\5.0.5.RELEASE\spring-core-5.0.5.RELEASE.jar;E:\Develop\Maven_Repo\org\springframework\spring-jcl\5.0.5.RELEASE\spring-jcl-5.0.5.RELEASE.jar;E:\Develop\Maven_Repo\org\springframework\spring-test\5.0.5.RELEASE\spring-test-5.0.5.RELEASE.jar;E:\Develop\Maven_Repo\org\xmlunit\xmlunit-core\2.5.1\xmlunit-core-2.5.1.jar;"/>
    <property name="sun.cpu.endian" value="little"/>
    <property name="user.home" value="C:\Users\15272"/>
    <property name="user.language" value="zh"/>
    <property name="java.specification.vendor" value="Oracle Corporation"/>
    <property name="java.home" value="C:\Program Files\Java\jdk1.8.0_144\jre"/>
    <property name="basedir" value="E:\work\spring-boot-config-02"/>
    <property name="file.separator" value="\"/>
    <property name="line.separator" value="&#10;"/>
    <property name="java.vm.specification.vendor" value="Oracle Corporation"/>
    <property name="java.specification.name" value="Java Platform API Specification"/>
    <property name="java.awt.graphicsenv" value="sun.awt.Win32GraphicsEnvironment"/>
    <property name="surefire.real.class.path" value="C:\Users\15272\AppData\Local\Temp\surefire2839502204966299261\surefirebooter6797783655832671221.jar"/>
    <property name="sun.boot.class.path" value="C:\Program Files\Java\jdk1.8.0_144\jre\lib\resources.jar;C:\Program Files\Java\jdk1.8.0_144\jre\lib\rt.jar;C:\Program Files\Java\jdk1.8.0_144\jre\lib\sunrsasign.jar;C:\Program Files\Java\jdk1.8.0_144\jre\lib\jsse.jar;C:\Program Files\Java\jdk1.8.0_144\jre\lib\jce.jar;C:\Program Files\Java\jdk1.8.0_144\jre\lib\charsets.jar;C:\Program Files\Java\jdk1.8.0_144\jre\lib\jfr.jar;C:\Program Files\Java\jdk1.8.0_144\jre\classes"/>
    <property name="user.script" value=""/>
    <property name="sun.management.compiler" value="HotSpot 64-Bit Tiered Compilers"/>
    <property name="java.runtime.version" value="1.8.0_144-b01"/>
    <property name="user.name" value="15272"/>
    <property name="path.separator" value=";"/>
    <property name="os.version" value="10.0"/>
    <property name="java.endorsed.dirs" value="C:\Program Files\Java\jdk1.8.0_144\jre\lib\endorsed"/>
    <property name="java.runtime.name" value="Java(TM) SE Runtime Environment"/>
    <property name="file.encoding" value="GBK"/>
    <property name="java.vm.name" value="Java HotSpot(TM) 64-Bit Server VM"/>
    <property name="localRepository" value="E:\Develop\Maven_Repo"/>
    <property name="java.vendor.url.bug" value="http://bugreport.sun.com/bugreport/"/>
    <property name="java.io.tmpdir" value="C:\Users\15272\AppData\Local\Temp\"/>
    <property name="idea.version" value="2018.1.2"/>
    <property name="java.version" value="1.8.0_144"/>
    <property name="user.dir" value="E:\work\spring-boot-config-02"/>
    <property name="os.arch" value="amd64"/>
    <property name="java.vm.specification.name" value="Java Virtual Machine Specification"/>
    <property name="java.awt.printerjob" value="sun.awt.windows.WPrinterJob"/>
    <property name="sun.os.patch.level" value=""/>
    <property name="java.library.path" value="C:\Program Files\Java\jdk1.8.0_144\jre\bin;C:\Windows\Sun\Java\bin;C:\Windows\system32;C:\Windows;C:\ProgramData\Oracle\Java\javapath;C:\Windows\system32;C:\Windows;C:\Windows\System32\Wbem;C:\Windows\System32\WindowsPowerShell\v1.0\;C:\Program Files (x86)\NVIDIA Corporation\PhysX\Common;E:\Maven-3.5.2;E:\Maven-3.5.2\bin;C:\Program Files\Java\jdk1.8.0_144\bin;E:\Develop\apache-tomcat-7.0.82\bin;C:\Program Files\scala-2.12.4\bin;E:\tomcat7\bin;E:\tomcat7\lib;C:\Program Files (x86)\IVI Foundation\VISA\WinNT\Bin\;C:\Program Files\IVI Foundation\VISA\Win64\Bin\;C:\Program Files (x86)\IVI Foundation\VISA\WinNT\Bin;C:\Users\15272\AppData\Local\Programs\Python\Python36\Scripts\;C:\Users\15272\AppData\Local\Programs\Python\Python36\;C:\Users\15272\AppData\Local\Microsoft\WindowsApps;C:\Users\15272\AppData\Local\GitHubDesktop\bin;."/>
    <property name="java.vm.info" value="mixed mode"/>
    <property name="java.vendor" value="Oracle Corporation"/>
    <property name="java.vm.version" value="25.144-b01"/>
    <property name="java.ext.dirs" value="C:\Program Files\Java\jdk1.8.0_144\jre\lib\ext;C:\Windows\Sun\Java\lib\ext"/>
    <property name="sun.io.unicode.encoding" value="UnicodeLittle"/>
    <property name="maven.repo.local" value="E:\Develop\Maven_Repo"/>
    <property name="java.class.version" value="52.0"/>
  </properties>
  <testcase name="contextLoads" classname="com.wdjr.springboot.SpringBootConfig02ApplicationTests" time="0.19"/>
</testsuite>